2012/05/12 23:22:22 [error] [exception.CHttpException.404] exception 'CHttpException' with message 'The system is unable to find the requested action "record".' in /Users/jax/SitesMAMP/yii-1.1.8.r3324/framework/web/CController.php:477
Stack trace:
#0 /Users/jax/SitesMAMP/yii-1.1.8.r3324/framework/web/CController.php(262): CController->missingAction('record')
#1 /Users/jax/SitesMAMP/yii-1.1.8.r3324/framework/web/CWebApplication.php(277): CController->run('record')
#2 /Users/jax/SitesMAMP/yii-1.1.8.r3324/framework/web/CWebApplication.php(136): CWebApplication->runController('site/record')
#3 /Users/jax/SitesMAMP/yii-1.1.8.r3324/framework/base/CApplication.php(158): CWebApplication->processRequest()
#4 /Users/jax/SitesMAMP/dvtv/index.php(13): CApplication->run()
#5 {main} REQUEST_URI=/dvtv/index.php?r=site/record
2012/05/12 23:24:17 [error] [exception.CHttpException.404] exception 'CHttpException' with message 'The system is unable to find the requested action "record".' in /Users/jax/SitesMAMP/yii-1.1.8.r3324/framework/web/CController.php:477
Stack trace:
#0 /Users/jax/SitesMAMP/yii-1.1.8.r3324/framework/web/CController.php(262): CController->missingAction('record')
#1 /Users/jax/SitesMAMP/yii-1.1.8.r3324/framework/web/CWebApplication.php(277): CController->run('record')
#2 /Users/jax/SitesMAMP/yii-1.1.8.r3324/framework/web/CWebApplication.php(136): CWebApplication->runController('site/record')
#3 /Users/jax/SitesMAMP/yii-1.1.8.r3324/framework/base/CApplication.php(158): CWebApplication->processRequest()
#4 /Users/jax/SitesMAMP/dvtv/index.php(13): CApplication->run()
#5 {main} REQUEST_URI=/dvtv/index.php?r=site/record
2012/05/12 23:24:18 [error] [exception.CHttpException.404] exception 'CHttpException' with message 'The system is unable to find the requested action "videos".' in /Users/jax/SitesMAMP/yii-1.1.8.r3324/framework/web/CController.php:477
Stack trace:
#0 /Users/jax/SitesMAMP/yii-1.1.8.r3324/framework/web/CController.php(262): CController->missingAction('videos')
#1 /Users/jax/SitesMAMP/yii-1.1.8.r3324/framework/web/CWebApplication.php(277): CController->run('videos')
#2 /Users/jax/SitesMAMP/yii-1.1.8.r3324/framework/web/CWebApplication.php(136): CWebApplication->runController('site/videos')
#3 /Users/jax/SitesMAMP/yii-1.1.8.r3324/framework/base/CApplication.php(158): CWebApplication->processRequest()
#4 /Users/jax/SitesMAMP/dvtv/index.php(13): CApplication->run()
#5 {main} REQUEST_URI=/dvtv/index.php?r=site/videos
2012/05/12 23:28:18 [error] [exception.CHttpException.404] exception 'CHttpException' with message 'Unable to resolve the request "hello.php".' in /Users/jax/SitesMAMP/yii-1.1.8.r3324/framework/web/CWebApplication.php:281
Stack trace:
#0 /Users/jax/SitesMAMP/yii-1.1.8.r3324/framework/web/CWebApplication.php(136): CWebApplication->runController('hello.php')
#1 /Users/jax/SitesMAMP/yii-1.1.8.r3324/framework/base/CApplication.php(158): CWebApplication->processRequest()
#2 /Users/jax/SitesMAMP/dvtv/index.php(13): CApplication->run()
#3 {main} REQUEST_URI=/dvtv/hello.php
2012/05/12 23:28:25 [error] [exception.CHttpException.404] exception 'CHttpException' with message 'Unable to resolve the request "helloworld".' in /Users/jax/SitesMAMP/yii-1.1.8.r3324/framework/web/CWebApplication.php:281
Stack trace:
#0 /Users/jax/SitesMAMP/yii-1.1.8.r3324/framework/web/CWebApplication.php(136): CWebApplication->runController('helloworld')
#1 /Users/jax/SitesMAMP/yii-1.1.8.r3324/framework/base/CApplication.php(158): CWebApplication->processRequest()
#2 /Users/jax/SitesMAMP/dvtv/index.php(13): CApplication->run()
#3 {main} REQUEST_URI=/dvtv/helloworld
2012/05/12 23:29:01 [error] [exception.CHttpException.404] exception 'CHttpException' with message 'Unable to resolve the request "sites/helloworld.php".' in /Users/jax/SitesMAMP/yii-1.1.8.r3324/framework/web/CWebApplication.php:281
Stack trace:
#0 /Users/jax/SitesMAMP/yii-1.1.8.r3324/framework/web/CWebApplication.php(136): CWebApplication->runController('sites/helloworl...')
#1 /Users/jax/SitesMAMP/yii-1.1.8.r3324/framework/base/CApplication.php(158): CWebApplication->processRequest()
#2 /Users/jax/SitesMAMP/dvtv/index.php(13): CApplication->run()
#3 {main} REQUEST_URI=/dvtv/sites/helloworld.php
2012/05/12 23:29:35 [error] [exception.CException] exception 'CException' with message 'The URL pattern "*helloworld.php" for route "site/videos" is not a valid regular expression.' in /Users/jax/SitesMAMP/yii-1.1.8.r3324/framework/web/CUrlManager.php:695
Stack trace:
#0 /Users/jax/SitesMAMP/yii-1.1.8.r3324/framework/web/CUrlManager.php(256): CUrlRule->__construct('site/videos', '*helloworld.php')
#1 /Users/jax/SitesMAMP/yii-1.1.8.r3324/framework/web/CUrlManager.php(225): CUrlManager->createUrlRule('site/videos', '*helloworld.php')
#2 /Users/jax/SitesMAMP/yii-1.1.8.r3324/framework/web/CUrlManager.php(205): CUrlManager->processRules()
#3 /Users/jax/SitesMAMP/yii-1.1.8.r3324/framework/base/CModule.php(372): CUrlManager->init()
#4 /Users/jax/SitesMAMP/yii-1.1.8.r3324/framework/base/CApplication.php(501): CModule->getComponent('urlManager')
#5 /Users/jax/SitesMAMP/yii-1.1.8.r3324/framework/web/CWebApplication.php(135): CApplication->getUrlManager()
#6 /Users/jax/SitesMAMP/yii-1.1.8.r3324/framework/base/CApplication.php(158): CWebApplication->processRequest()
#7 /Users/jax/SitesMAMP/dvtv/index.php(13): CApplication->run()
#8 {main} REQUEST_URI=/dvtv/helloworld.php
2012/05/12 23:29:36 [error] [exception.CException] exception 'CException' with message 'The URL pattern "*helloworld.php" for route "site/videos" is not a valid regular expression.' in /Users/jax/SitesMAMP/yii-1.1.8.r3324/framework/web/CUrlManager.php:695
Stack trace:
#0 /Users/jax/SitesMAMP/yii-1.1.8.r3324/framework/web/CUrlManager.php(256): CUrlRule->__construct('site/videos', '*helloworld.php')
#1 /Users/jax/SitesMAMP/yii-1.1.8.r3324/framework/web/CUrlManager.php(225): CUrlManager->createUrlRule('site/videos', '*helloworld.php')
#2 /Users/jax/SitesMAMP/yii-1.1.8.r3324/framework/web/CUrlManager.php(205): CUrlManager->processRules()
#3 /Users/jax/SitesMAMP/yii-1.1.8.r3324/framework/base/CModule.php(372): CUrlManager->init()
#4 /Users/jax/SitesMAMP/yii-1.1.8.r3324/framework/base/CApplication.php(501): CModule->getComponent('urlManager')
#5 /Users/jax/SitesMAMP/yii-1.1.8.r3324/framework/web/CWebApplication.php(135): CApplication->getUrlManager()
#6 /Users/jax/SitesMAMP/yii-1.1.8.r3324/framework/base/CApplication.php(158): CWebApplication->processRequest()
#7 /Users/jax/SitesMAMP/dvtv/index.php(13): CApplication->run()
#8 {main} REQUEST_URI=/dvtv/helloworld.php
2012/05/12 23:29:38 [error] [exception.CException] exception 'CException' with message 'The URL pattern "/*helloworld.php" for route "site/videos" is not a valid regular expression.' in /Users/jax/SitesMAMP/yii-1.1.8.r3324/framework/web/CUrlManager.php:695
Stack trace:
#0 /Users/jax/SitesMAMP/yii-1.1.8.r3324/framework/web/CUrlManager.php(256): CUrlRule->__construct('site/videos', '/*helloworld.ph...')
#1 /Users/jax/SitesMAMP/yii-1.1.8.r3324/framework/web/CUrlManager.php(225): CUrlManager->createUrlRule('site/videos', '/*helloworld.ph...')
#2 /Users/jax/SitesMAMP/yii-1.1.8.r3324/framework/web/CUrlManager.php(205): CUrlManager->processRules()
#3 /Users/jax/SitesMAMP/yii-1.1.8.r3324/framework/base/CModule.php(372): CUrlManager->init()
#4 /Users/jax/SitesMAMP/yii-1.1.8.r3324/framework/base/CApplication.php(501): CModule->getComponent('urlManager')
#5 /Users/jax/SitesMAMP/yii-1.1.8.r3324/framework/web/CWebApplication.php(135): CApplication->getUrlManager()
#6 /Users/jax/SitesMAMP/yii-1.1.8.r3324/framework/base/CApplication.php(158): CWebApplication->processRequest()
#7 /Users/jax/SitesMAMP/dvtv/index.php(13): CApplication->run()
#8 {main} REQUEST_URI=/dvtv/helloworld.php
2012/05/12 23:29:41 [error] [exception.CHttpException.404] exception 'CHttpException' with message 'Unable to resolve the request "helloworld.php".' in /Users/jax/SitesMAMP/yii-1.1.8.r3324/framework/web/CWebApplication.php:281
Stack trace:
#0 /Users/jax/SitesMAMP/yii-1.1.8.r3324/framework/web/CWebApplication.php(136): CWebApplication->runController('helloworld.php')
#1 /Users/jax/SitesMAMP/yii-1.1.8.r3324/framework/base/CApplication.php(158): CWebApplication->processRequest()
#2 /Users/jax/SitesMAMP/dvtv/index.php(13): CApplication->run()
#3 {main} REQUEST_URI=/dvtv/helloworld.php
2012/05/12 23:33:36 [error] [exception.CHttpException.404] exception 'CHttpException' with message 'Unable to resolve the request "srrer/rrr/helloworld.php".' in /Users/jax/SitesMAMP/yii-1.1.8.r3324/framework/web/CWebApplication.php:281
Stack trace:
#0 /Users/jax/SitesMAMP/yii-1.1.8.r3324/framework/web/CWebApplication.php(136): CWebApplication->runController('srrer/rrr/hello...')
#1 /Users/jax/SitesMAMP/yii-1.1.8.r3324/framework/base/CApplication.php(158): CWebApplication->processRequest()
#2 /Users/jax/SitesMAMP/dvtv/index.php(13): CApplication->run()
#3 {main} REQUEST_URI=/dvtv/srrer/rrr/helloworld.php
2012/05/12 23:40:58 [error] [exception.CHttpException.404] exception 'CHttpException' with message 'The system is unable to find the requested action "video".' in /Users/jax/SitesMAMP/yii-1.1.8.r3324/framework/web/CController.php:477
Stack trace:
#0 /Users/jax/SitesMAMP/yii-1.1.8.r3324/framework/web/CController.php(262): CController->missingAction('video')
#1 /Users/jax/SitesMAMP/yii-1.1.8.r3324/framework/web/CWebApplication.php(277): CController->run('video')
#2 /Users/jax/SitesMAMP/yii-1.1.8.r3324/framework/web/CWebApplication.php(136): CWebApplication->runController('site/video/reco...')
#3 /Users/jax/SitesMAMP/yii-1.1.8.r3324/framework/base/CApplication.php(158): CWebApplication->processRequest()
#4 /Users/jax/SitesMAMP/dvtv/index.php(13): CApplication->run()
#5 {main} REQUEST_URI=/dvtv/site/video/record
2012/05/12 23:41:16 [error] [exception.CHttpException.404] exception 'CHttpException' with message 'The system is unable to find the requested action "video".' in /Users/jax/SitesMAMP/yii-1.1.8.r3324/framework/web/CController.php:477
Stack trace:
#0 /Users/jax/SitesMAMP/yii-1.1.8.r3324/framework/web/CController.php(262): CController->missingAction('video')
#1 /Users/jax/SitesMAMP/yii-1.1.8.r3324/framework/web/CWebApplication.php(277): CController->run('video')
#2 /Users/jax/SitesMAMP/yii-1.1.8.r3324/framework/web/CWebApplication.php(136): CWebApplication->runController('site/video/reco...')
#3 /Users/jax/SitesMAMP/yii-1.1.8.r3324/framework/base/CApplication.php(158): CWebApplication->processRequest()
#4 /Users/jax/SitesMAMP/dvtv/index.php(13): CApplication->run()
#5 {main} REQUEST_URI=/dvtv/site/video/record
2012/05/12 23:41:19 [error] [exception.CHttpException.404] exception 'CHttpException' with message 'The system is unable to find the requested action "video".' in /Users/jax/SitesMAMP/yii-1.1.8.r3324/framework/web/CController.php:477
Stack trace:
#0 /Users/jax/SitesMAMP/yii-1.1.8.r3324/framework/web/CController.php(262): CController->missingAction('video')
#1 /Users/jax/SitesMAMP/yii-1.1.8.r3324/framework/web/CWebApplication.php(277): CController->run('video')
#2 /Users/jax/SitesMAMP/yii-1.1.8.r3324/framework/web/CWebApplication.php(136): CWebApplication->runController('site/video/reco...')
#3 /Users/jax/SitesMAMP/yii-1.1.8.r3324/framework/base/CApplication.php(158): CWebApplication->processRequest()
#4 /Users/jax/SitesMAMP/dvtv/index.php(13): CApplication->run()
#5 {main} REQUEST_URI=/dvtv/site/video/record
2012/05/12 23:41:21 [error] [exception.CHttpException.404] exception 'CHttpException' with message 'The system is unable to find the requested action "video".' in /Users/jax/SitesMAMP/yii-1.1.8.r3324/framework/web/CController.php:477
Stack trace:
#0 /Users/jax/SitesMAMP/yii-1.1.8.r3324/framework/web/CController.php(262): CController->missingAction('video')
#1 /Users/jax/SitesMAMP/yii-1.1.8.r3324/framework/web/CWebApplication.php(277): CController->run('video')
#2 /Users/jax/SitesMAMP/yii-1.1.8.r3324/framework/web/CWebApplication.php(136): CWebApplication->runController('site/video/reco...')
#3 /Users/jax/SitesMAMP/yii-1.1.8.r3324/framework/base/CApplication.php(158): CWebApplication->processRequest()
#4 /Users/jax/SitesMAMP/dvtv/index.php(13): CApplication->run()
#5 {main} REQUEST_URI=/dvtv/site/video/record
2012/05/12 23:41:22 [error] [exception.CHttpException.404] exception 'CHttpException' with message 'The system is unable to find the requested action "video".' in /Users/jax/SitesMAMP/yii-1.1.8.r3324/framework/web/CController.php:477
Stack trace:
#0 /Users/jax/SitesMAMP/yii-1.1.8.r3324/framework/web/CController.php(262): CController->missingAction('video')
#1 /Users/jax/SitesMAMP/yii-1.1.8.r3324/framework/web/CWebApplication.php(277): CController->run('video')
#2 /Users/jax/SitesMAMP/yii-1.1.8.r3324/framework/web/CWebApplication.php(136): CWebApplication->runController('site/video/reco...')
#3 /Users/jax/SitesMAMP/yii-1.1.8.r3324/framework/base/CApplication.php(158): CWebApplication->processRequest()
#4 /Users/jax/SitesMAMP/dvtv/index.php(13): CApplication->run()
#5 {main} REQUEST_URI=/dvtv/site/video/record
2012/05/12 23:41:37 [error] [exception.CHttpException.404] exception 'CHttpException' with message 'The system is unable to find the requested action "video".' in /Users/jax/SitesMAMP/yii-1.1.8.r3324/framework/web/CController.php:477
Stack trace:
#0 /Users/jax/SitesMAMP/yii-1.1.8.r3324/framework/web/CController.php(262): CController->missingAction('video')
#1 /Users/jax/SitesMAMP/yii-1.1.8.r3324/framework/web/CWebApplication.php(277): CController->run('video')
#2 /Users/jax/SitesMAMP/yii-1.1.8.r3324/framework/web/CWebApplication.php(136): CWebApplication->runController('site/video/reco...')
#3 /Users/jax/SitesMAMP/yii-1.1.8.r3324/framework/base/CApplication.php(158): CWebApplication->processRequest()
#4 /Users/jax/SitesMAMP/dvtv/index.php(13): CApplication->run()
#5 {main} REQUEST_URI=/dvtv/site/video/record
2012/05/12 23:41:38 [error] [exception.CHttpException.404] exception 'CHttpException' with message 'The system is unable to find the requested action "video".' in /Users/jax/SitesMAMP/yii-1.1.8.r3324/framework/web/CController.php:477
Stack trace:
#0 /Users/jax/SitesMAMP/yii-1.1.8.r3324/framework/web/CController.php(262): CController->missingAction('video')
#1 /Users/jax/SitesMAMP/yii-1.1.8.r3324/framework/web/CWebApplication.php(277): CController->run('video')
#2 /Users/jax/SitesMAMP/yii-1.1.8.r3324/framework/web/CWebApplication.php(136): CWebApplication->runController('site/video/reco...')
#3 /Users/jax/SitesMAMP/yii-1.1.8.r3324/framework/base/CApplication.php(158): CWebApplication->processRequest()
#4 /Users/jax/SitesMAMP/dvtv/index.php(13): CApplication->run()
#5 {main} REQUEST_URI=/dvtv/site/video/record
2012/05/12 23:41:40 [error] [exception.CHttpException.404] exception 'CHttpException' with message 'The system is unable to find the requested action "video".' in /Users/jax/SitesMAMP/yii-1.1.8.r3324/framework/web/CController.php:477
Stack trace:
#0 /Users/jax/SitesMAMP/yii-1.1.8.r3324/framework/web/CController.php(262): CController->missingAction('video')
#1 /Users/jax/SitesMAMP/yii-1.1.8.r3324/framework/web/CWebApplication.php(277): CController->run('video')
#2 /Users/jax/SitesMAMP/yii-1.1.8.r3324/framework/web/CWebApplication.php(136): CWebApplication->runController('site/video/reco...')
#3 /Users/jax/SitesMAMP/yii-1.1.8.r3324/framework/base/CApplication.php(158): CWebApplication->processRequest()
#4 /Users/jax/SitesMAMP/dvtv/index.php(13): CApplication->run()
#5 {main} REQUEST_URI=/dvtv/site/video/record
2012/05/12 23:41:43 [error] [exception.CHttpException.404] exception 'CHttpException' with message 'The system is unable to find the requested action "video".' in /Users/jax/SitesMAMP/yii-1.1.8.r3324/framework/web/CController.php:477
Stack trace:
#0 /Users/jax/SitesMAMP/yii-1.1.8.r3324/framework/web/CController.php(262): CController->missingAction('video')
#1 /Users/jax/SitesMAMP/yii-1.1.8.r3324/framework/web/CWebApplication.php(277): CController->run('video')
#2 /Users/jax/SitesMAMP/yii-1.1.8.r3324/framework/web/CWebApplication.php(136): CWebApplication->runController('site/video/reco...')
#3 /Users/jax/SitesMAMP/yii-1.1.8.r3324/framework/base/CApplication.php(158): CWebApplication->processRequest()
#4 /Users/jax/SitesMAMP/dvtv/index.php(13): CApplication->run()
#5 {main} REQUEST_URI=/dvtv/site/video/record
2012/05/12 23:41:48 [error] [exception.CHttpException.404] exception 'CHttpException' with message 'The system is unable to find the requested action "video".' in /Users/jax/SitesMAMP/yii-1.1.8.r3324/framework/web/CController.php:477
Stack trace:
#0 /Users/jax/SitesMAMP/yii-1.1.8.r3324/framework/web/CController.php(262): CController->missingAction('video')
#1 /Users/jax/SitesMAMP/yii-1.1.8.r3324/framework/web/CWebApplication.php(277): CController->run('video')
#2 /Users/jax/SitesMAMP/yii-1.1.8.r3324/framework/web/CWebApplication.php(136): CWebApplication->runController('site/video/reco...')
#3 /Users/jax/SitesMAMP/yii-1.1.8.r3324/framework/base/CApplication.php(158): CWebApplication->processRequest()
#4 /Users/jax/SitesMAMP/dvtv/index.php(13): CApplication->run()
#5 {main} REQUEST_URI=/dvtv/site/video/record
2012/05/12 23:41:57 [error] [exception.CHttpException.404] exception 'CHttpException' with message 'The system is unable to find the requested action "video".' in /Users/jax/SitesMAMP/yii-1.1.8.r3324/framework/web/CController.php:477
Stack trace:
#0 /Users/jax/SitesMAMP/yii-1.1.8.r3324/framework/web/CController.php(262): CController->missingAction('video')
#1 /Users/jax/SitesMAMP/yii-1.1.8.r3324/framework/web/CWebApplication.php(277): CController->run('video')
#2 /Users/jax/SitesMAMP/yii-1.1.8.r3324/framework/web/CWebApplication.php(136): CWebApplication->runController('site/video/reco...')
#3 /Users/jax/SitesMAMP/yii-1.1.8.r3324/framework/base/CApplication.php(158): CWebApplication->processRequest()
#4 /Users/jax/SitesMAMP/dvtv/index.php(13): CApplication->run()
#5 {main} REQUEST_URI=/dvtv/site/video/record
2012/05/12 23:54:12 [error] [php] Undefined index: name (/Users/jax/SitesMAMP/dvtv/protected/controllers/VideoController.php:50)
Stack trace:
#0 /Users/jax/SitesMAMP/yii-1.1.8.r3324/framework/web/CController.php(278): VideoController->runAction()
#1 /Users/jax/SitesMAMP/yii-1.1.8.r3324/framework/web/CController.php(257): VideoController->runActionWithFilters()
#2 /Users/jax/SitesMAMP/yii-1.1.8.r3324/framework/web/CWebApplication.php(277): VideoController->run()
#3 /Users/jax/SitesMAMP/yii-1.1.8.r3324/framework/web/CWebApplication.php(136): CWebApplication->runController()
#4 /Users/jax/SitesMAMP/yii-1.1.8.r3324/framework/base/CApplication.php(158): CWebApplication->processRequest()
#5 /Users/jax/SitesMAMP/dvtv/index.php(13): CWebApplication->run()
REQUEST_URI=/dvtv/video/jpg_encoder_download.php
in /Users/jax/SitesMAMP/dvtv/protected/controllers/VideoController.php (50)
in /Users/jax/SitesMAMP/dvtv/index.php (13)
2012/05/13 00:05:03 [error] [exception.CException] exception 'CException' with message 'VideoController cannot find the requested view "video".' in /Users/jax/SitesMAMP/yii-1.1.8.r3324/framework/web/CController.php:875
Stack trace:
#0 /Users/jax/SitesMAMP/yii-1.1.8.r3324/framework/web/CController.php(779): CController->renderPartial('video', Array, true)
#1 /Users/jax/SitesMAMP/dvtv/protected/controllers/VideoController.php(129): CController->render('video', Array)
#2 /Users/jax/SitesMAMP/yii-1.1.8.r3324/framework/web/actions/CInlineAction.php(50): VideoController->actionAvcQuality()
#3 /Users/jax/SitesMAMP/yii-1.1.8.r3324/framework/web/CController.php(300): CInlineAction->runWithParams(Array)
#4 /Users/jax/SitesMAMP/yii-1.1.8.r3324/framework/web/CController.php(278): CController->runAction(Object(CInlineAction))
#5 /Users/jax/SitesMAMP/yii-1.1.8.r3324/framework/web/CController.php(257): CController->runActionWithFilters(Object(CInlineAction), Array)
#6 /Users/jax/SitesMAMP/yii-1.1.8.r3324/framework/web/CWebApplication.php(277): CController->run('AvcQuality')
#7 /Users/jax/SitesMAMP/yii-1.1.8.r3324/framework/web/CWebApplication.php(136): CWebApplication->runController('video/AvcQualit...')
#8 /Users/jax/SitesMAMP/yii-1.1.8.r3324/framework/base/CApplication.php(158): CWebApplication->processRequest()
#9 /Users/jax/SitesMAMP/dvtv/index.php(13): CApplication->run()
#10 {main} REQUEST_URI=/dvtv/video/AvcQuality
2012/05/13 00:05:23 [error] [php] Undefined variable: context (/Users/jax/SitesMAMP/dvtv/protected/views/layouts/xml.php:3)
Stack trace:
#0 /Users/jax/SitesMAMP/yii-1.1.8.r3324/framework/web/CController.php(781): VideoController->renderFile()
#1 /Users/jax/SitesMAMP/dvtv/protected/controllers/VideoController.php(129): VideoController->render()
#2 /Users/jax/SitesMAMP/yii-1.1.8.r3324/framework/web/actions/CInlineAction.php(50): VideoController->actionAvcQuality()
#3 /Users/jax/SitesMAMP/yii-1.1.8.r3324/framework/web/CController.php(300): CInlineAction->runWithParams()
#4 /Users/jax/SitesMAMP/yii-1.1.8.r3324/framework/web/CController.php(278): VideoController->runAction()
#5 /Users/jax/SitesMAMP/yii-1.1.8.r3324/framework/web/CController.php(257): VideoController->runActionWithFilters()
#6 /Users/jax/SitesMAMP/yii-1.1.8.r3324/framework/web/CWebApplication.php(277): VideoController->run()
#7 /Users/jax/SitesMAMP/yii-1.1.8.r3324/framework/web/CWebApplication.php(136): CWebApplication->runController()
#8 /Users/jax/SitesMAMP/yii-1.1.8.r3324/framework/base/CApplication.php(158): CWebApplication->processRequest()
#9 /Users/jax/SitesMAMP/dvtv/index.php(13): CWebApplication->run()
REQUEST_URI=/dvtv/video/AvcQuality
in /Users/jax/SitesMAMP/dvtv/protected/views/layouts/xml.php (3)
in /Users/jax/SitesMAMP/dvtv/protected/controllers/VideoController.php (129)
in /Users/jax/SitesMAMP/dvtv/index.php (13)
2012/05/13 00:19:16 [error] [exception.CHttpException.404] exception 'CHttpException' with message 'The system is unable to find the requested action "VideoRecorder.swf".' in /Users/jax/SitesMAMP/yii-1.1.8.r3324/framework/web/CController.php:477
Stack trace:
#0 /Users/jax/SitesMAMP/yii-1.1.8.r3324/framework/web/CController.php(262): CController->missingAction('VideoRecorder.s...')
#1 /Users/jax/SitesMAMP/yii-1.1.8.r3324/framework/web/CWebApplication.php(277): CController->run('VideoRecorder.s...')
#2 /Users/jax/SitesMAMP/yii-1.1.8.r3324/framework/web/CWebApplication.php(136): CWebApplication->runController('video/VideoReco...')
#3 /Users/jax/SitesMAMP/yii-1.1.8.r3324/framework/base/CApplication.php(158): CWebApplication->processRequest()
#4 /Users/jax/SitesMAMP/dvtv/index.php(13): CApplication->run()
#5 {main} REQUEST_URI=/dvtv/video/VideoRecorder.swf?userId=XXY&qualityurl=audio_video_quality_profiles/320x240x30x90.xml&recorderId=123
2012/05/13 00:19:38 [error] [exception.CHttpException.404] exception 'CHttpException' with message 'The system is unable to find the requested action "VideoRecorder.swf".' in /Users/jax/SitesMAMP/yii-1.1.8.r3324/framework/web/CController.php:477
Stack trace:
#0 /Users/jax/SitesMAMP/yii-1.1.8.r3324/framework/web/CController.php(262): CController->missingAction('VideoRecorder.s...')
#1 /Users/jax/SitesMAMP/yii-1.1.8.r3324/framework/web/CWebApplication.php(277): CController->run('VideoRecorder.s...')
#2 /Users/jax/SitesMAMP/yii-1.1.8.r3324/framework/web/CWebApplication.php(136): CWebApplication->runController('video/VideoReco...')
#3 /Users/jax/SitesMAMP/yii-1.1.8.r3324/framework/base/CApplication.php(158): CWebApplication->processRequest()
#4 /Users/jax/SitesMAMP/dvtv/index.php(13): CApplication->run()
#5 {main} REQUEST_URI=/dvtv/video/VideoRecorder.swf?userId=XXY&qualityurl=audio_video_quality_profiles/320x240x30x90.xml&recorderId=123
2012/05/13 00:21:41 [error] [exception.CHttpException.404] exception 'CHttpException' with message 'Unable to resolve the request "VideoRecorder.swf".' in /Users/jax/SitesMAMP/yii-1.1.8.r3324/framework/web/CWebApplication.php:281
Stack trace:
#0 /Users/jax/SitesMAMP/yii-1.1.8.r3324/framework/web/CWebApplication.php(136): CWebApplication->runController('VideoRecorder.s...')
#1 /Users/jax/SitesMAMP/yii-1.1.8.r3324/framework/base/CApplication.php(158): CWebApplication->processRequest()
#2 /Users/jax/SitesMAMP/dvtv/index.php(13): CApplication->run()
#3 {main} REQUEST_URI=/dvtv/VideoRecorder.swf?userId=XXY&qualityurl=audio_video_quality_profiles/320x240x30x90.xml&recorderId=123
2012/05/13 00:22:40 [error] [exception.CHttpException.404] exception 'CHttpException' with message 'Unable to resolve the request "0.9647620404139161".' in /Users/jax/SitesMAMP/yii-1.1.8.r3324/framework/web/CWebApplication.php:281
Stack trace:
#0 /Users/jax/SitesMAMP/yii-1.1.8.r3324/framework/web/CWebApplication.php(136): CWebApplication->runController('0.9647620404139...')
#1 /Users/jax/SitesMAMP/yii-1.1.8.r3324/framework/base/CApplication.php(158): CWebApplication->processRequest()
#2 /Users/jax/SitesMAMP/dvtv/index.php(13): CApplication->run()
#3 {main} REQUEST_URI=/dvtv/video/avc_settings.php?r=0.9647620404139161&recorderId=
2012/05/13 00:23:38 [error] [exception.CHttpException.404] exception 'CHttpException' with message 'Unable to resolve the request "0.008477005641907454".' in /Users/jax/SitesMAMP/yii-1.1.8.r3324/framework/web/CWebApplication.php:281
Stack trace:
#0 /Users/jax/SitesMAMP/yii-1.1.8.r3324/framework/web/CWebApplication.php(136): CWebApplication->runController('0.0084770056419...')
#1 /Users/jax/SitesMAMP/yii-1.1.8.r3324/framework/base/CApplication.php(158): CWebApplication->processRequest()
#2 /Users/jax/SitesMAMP/dvtv/index.php(13): CApplication->run()
#3 {main} REQUEST_URI=/dvtv/video/avc_settings.php?r=0.008477005641907454&recorderId=
2012/05/13 00:24:26 [error] [exception.CHttpException.404] exception 'CHttpException' with message 'Unable to resolve the request "0.04394705547019839".' in /Users/jax/SitesMAMP/yii-1.1.8.r3324/framework/web/CWebApplication.php:281
Stack trace:
#0 /Users/jax/SitesMAMP/yii-1.1.8.r3324/framework/web/CWebApplication.php(136): CWebApplication->runController('0.0439470554701...')
#1 /Users/jax/SitesMAMP/yii-1.1.8.r3324/framework/base/CApplication.php(158): CWebApplication->processRequest()
#2 /Users/jax/SitesMAMP/dvtv/index.php(13): CApplication->run()
#3 {main} REQUEST_URI=/dvtv/video/avc_settings.php?r=0.04394705547019839&recorderId=
2012/05/13 00:25:20 [error] [exception.CHttpException.404] exception 'CHttpException' with message 'Unable to resolve the request "0.9079719730652869".' in /Users/jax/SitesMAMP/yii-1.1.8.r3324/framework/web/CWebApplication.php:281
Stack trace:
#0 /Users/jax/SitesMAMP/yii-1.1.8.r3324/framework/web/CWebApplication.php(136): CWebApplication->runController('0.9079719730652...')
#1 /Users/jax/SitesMAMP/yii-1.1.8.r3324/framework/base/CApplication.php(158): CWebApplication->processRequest()
#2 /Users/jax/SitesMAMP/dvtv/index.php(13): CApplication->run()
#3 {main} REQUEST_URI=/dvtv/video/avc_settings.php?r=0.9079719730652869&recorderId=
2012/05/13 00:25:55 [error] [exception.CHttpException.404] exception 'CHttpException' with message 'Unable to resolve the request "0.9079719730652869".' in /Users/jax/SitesMAMP/yii-1.1.8.r3324/framework/web/CWebApplication.php:281
Stack trace:
#0 /Users/jax/SitesMAMP/yii-1.1.8.r3324/framework/web/CWebApplication.php(136): CWebApplication->runController('0.9079719730652...')
#1 /Users/jax/SitesMAMP/yii-1.1.8.r3324/framework/base/CApplication.php(158): CWebApplication->processRequest()
#2 /Users/jax/SitesMAMP/dvtv/index.php(13): CApplication->run()
#3 {main} REQUEST_URI=/dvtv/video/avc_settings.php?r=0.9079719730652869&recorderId=
2012/05/13 00:29:48 [error] [exception.CHttpException.404] exception 'CHttpException' with message 'Unable to resolve the request "0.9079719730652869".' in /Users/jax/SitesMAMP/yii-1.1.8.r3324/framework/web/CWebApplication.php:281
Stack trace:
#0 /Users/jax/SitesMAMP/yii-1.1.8.r3324/framework/web/CWebApplication.php(136): CWebApplication->runController('0.9079719730652...')
#1 /Users/jax/SitesMAMP/yii-1.1.8.r3324/framework/base/CApplication.php(158): CWebApplication->processRequest()
#2 /Users/jax/SitesMAMP/dvtv/index.php(13): CApplication->run()
#3 {main} REQUEST_URI=/dvtv/video/avc_settings.php?r=0.9079719730652869&recorderId=
2012/05/13 00:29:52 [error] [exception.CHttpException.404] exception 'CHttpException' with message 'Unable to resolve the request "0.9079719730652869".' in /Users/jax/SitesMAMP/yii-1.1.8.r3324/framework/web/CWebApplication.php:281
Stack trace:
#0 /Users/jax/SitesMAMP/yii-1.1.8.r3324/framework/web/CWebApplication.php(136): CWebApplication->runController('0.9079719730652...')
#1 /Users/jax/SitesMAMP/yii-1.1.8.r3324/framework/base/CApplication.php(158): CWebApplication->processRequest()
#2 /Users/jax/SitesMAMP/dvtv/index.php(13): CApplication->run()
#3 {main} REQUEST_URI=/dvtv/video/avc_settings.php?r=0.9079719730652869&recorderId=
2012/05/13 00:30:46 [error] [exception.CHttpException.404] exception 'CHttpException' with message 'Unable to resolve the request "0.9079719730652869".' in /Users/jax/SitesMAMP/yii-1.1.8.r3324/framework/web/CWebApplication.php:281
Stack trace:
#0 /Users/jax/SitesMAMP/yii-1.1.8.r3324/framework/web/CWebApplication.php(136): CWebApplication->runController('0.9079719730652...')
#1 /Users/jax/SitesMAMP/yii-1.1.8.r3324/framework/base/CApplication.php(158): CWebApplication->processRequest()
#2 /Users/jax/SitesMAMP/dvtv/index.php(13): CApplication->run()
#3 {main} REQUEST_URI=/dvtv/video/avc_settings.php?r=0.9079719730652869&recorderId=
2012/05/13 00:30:46 [error] [exception.CHttpException.404] exception 'CHttpException' with message 'Unable to resolve the request "0.9079719730652869".' in /Users/jax/SitesMAMP/yii-1.1.8.r3324/framework/web/CWebApplication.php:281
Stack trace:
#0 /Users/jax/SitesMAMP/yii-1.1.8.r3324/framework/web/CWebApplication.php(136): CWebApplication->runController('0.9079719730652...')
#1 /Users/jax/SitesMAMP/yii-1.1.8.r3324/framework/base/CApplication.php(158): CWebApplication->processRequest()
#2 /Users/jax/SitesMAMP/dvtv/index.php(13): CApplication->run()
#3 {main} REQUEST_URI=/dvtv/video/avc_settings.php?r=0.9079719730652869&recorderId=
2012/05/13 00:30:51 [error] [exception.CHttpException.404] exception 'CHttpException' with message 'Unable to resolve the request "0.9079719730652869".' in /Users/jax/SitesMAMP/yii-1.1.8.r3324/framework/web/CWebApplication.php:281
Stack trace:
#0 /Users/jax/SitesMAMP/yii-1.1.8.r3324/framework/web/CWebApplication.php(136): CWebApplication->runController('0.9079719730652...')
#1 /Users/jax/SitesMAMP/yii-1.1.8.r3324/framework/base/CApplication.php(158): CWebApplication->processRequest()
#2 /Users/jax/SitesMAMP/dvtv/index.php(13): CApplication->run()
#3 {main} REQUEST_URI=/dvtv/video/avc_settings.php?r=0.9079719730652869&recorderId=
2012/05/13 00:30:52 [error] [exception.CHttpException.404] exception 'CHttpException' with message 'Unable to resolve the request "0.9079719730652869".' in /Users/jax/SitesMAMP/yii-1.1.8.r3324/framework/web/CWebApplication.php:281
Stack trace:
#0 /Users/jax/SitesMAMP/yii-1.1.8.r3324/framework/web/CWebApplication.php(136): CWebApplication->runController('0.9079719730652...')
#1 /Users/jax/SitesMAMP/yii-1.1.8.r3324/framework/base/CApplication.php(158): CWebApplication->processRequest()
#2 /Users/jax/SitesMAMP/dvtv/index.php(13): CApplication->run()
#3 {main} REQUEST_URI=/dvtv/video/avc_settings.php?r=0.9079719730652869&recorderId=
2012/05/13 00:30:53 [error] [exception.CHttpException.404] exception 'CHttpException' with message 'Unable to resolve the request "0.9079719730652869".' in /Users/jax/SitesMAMP/yii-1.1.8.r3324/framework/web/CWebApplication.php:281
Stack trace:
#0 /Users/jax/SitesMAMP/yii-1.1.8.r3324/framework/web/CWebApplication.php(136): CWebApplication->runController('0.9079719730652...')
#1 /Users/jax/SitesMAMP/yii-1.1.8.r3324/framework/base/CApplication.php(158): CWebApplication->processRequest()
#2 /Users/jax/SitesMAMP/dvtv/index.php(13): CApplication->run()
#3 {main} REQUEST_URI=/dvtv/video/avc_settings.php?r=0.9079719730652869&recorderId=
2012/05/13 00:39:46 [error] [exception.CHttpException.404] exception 'CHttpException' with message 'Unable to resolve the request "0.9079719730652869".' in /Users/jax/SitesMAMP/yii-1.1.8.r3324/framework/web/CWebApplication.php:281
Stack trace:
#0 /Users/jax/SitesMAMP/yii-1.1.8.r3324/framework/web/CWebApplication.php(136): CWebApplication->runController('0.9079719730652...')
#1 /Users/jax/SitesMAMP/yii-1.1.8.r3324/framework/base/CApplication.php(158): CWebApplication->processRequest()
#2 /Users/jax/SitesMAMP/dvtv/index.php(13): CApplication->run()
#3 {main} REQUEST_URI=/dvtv/video/avc_settings.php?r=0.9079719730652869&recorderId=
2012/05/13 00:39:46 [error] [exception.CHttpException.404] exception 'CHttpException' with message 'Unable to resolve the request "0.9079719730652869".' in /Users/jax/SitesMAMP/yii-1.1.8.r3324/framework/web/CWebApplication.php:281
Stack trace:
#0 /Users/jax/SitesMAMP/yii-1.1.8.r3324/framework/web/CWebApplication.php(136): CWebApplication->runController('0.9079719730652...')
#1 /Users/jax/SitesMAMP/yii-1.1.8.r3324/framework/base/CApplication.php(158): CWebApplication->processRequest()
#2 /Users/jax/SitesMAMP/dvtv/index.php(13): CApplication->run()
#3 {main} REQUEST_URI=/dvtv/video/avc_settings.php?r=0.9079719730652869&recorderId=
2012/05/13 00:40:50 [error] [exception.CHttpException.404] exception 'CHttpException' with message 'The system is unable to find the requested action "avc_settings.php".' in /Users/jax/SitesMAMP/yii-1.1.8.r3324/framework/web/CController.php:477
Stack trace:
#0 /Users/jax/SitesMAMP/yii-1.1.8.r3324/framework/web/CController.php(262): CController->missingAction('avc_settings.ph...')
#1 /Users/jax/SitesMAMP/yii-1.1.8.r3324/framework/web/CWebApplication.php(277): CController->run('avc_settings.ph...')
#2 /Users/jax/SitesMAMP/yii-1.1.8.r3324/framework/web/CWebApplication.php(136): CWebApplication->runController('video/avc_setti...')
#3 /Users/jax/SitesMAMP/yii-1.1.8.r3324/framework/base/CApplication.php(158): CWebApplication->processRequest()
#4 /Users/jax/SitesMAMP/dvtv/index.php(13): CApplication->run()
#5 {main} REQUEST_URI=/dvtv/video/avc_settings.php?r=0.9079719730652869&recorderId=
2012/05/13 00:40:52 [error] [exception.CHttpException.404] exception 'CHttpException' with message 'The system is unable to find the requested action "avc_settings.php".' in /Users/jax/SitesMAMP/yii-1.1.8.r3324/framework/web/CController.php:477
Stack trace:
#0 /Users/jax/SitesMAMP/yii-1.1.8.r3324/framework/web/CController.php(262): CController->missingAction('avc_settings.ph...')
#1 /Users/jax/SitesMAMP/yii-1.1.8.r3324/framework/web/CWebApplication.php(277): CController->run('avc_settings.ph...')
#2 /Users/jax/SitesMAMP/yii-1.1.8.r3324/framework/web/CWebApplication.php(136): CWebApplication->runController('video/avc_setti...')
#3 /Users/jax/SitesMAMP/yii-1.1.8.r3324/framework/base/CApplication.php(158): CWebApplication->processRequest()
#4 /Users/jax/SitesMAMP/dvtv/index.php(13): CApplication->run()
#5 {main} REQUEST_URI=/dvtv/video/avc_settings.php?r=0.9079719730652869&recorderId=
2012/05/13 00:40:52 [error] [exception.CHttpException.404] exception 'CHttpException' with message 'The system is unable to find the requested action "avc_settings.php".' in /Users/jax/SitesMAMP/yii-1.1.8.r3324/framework/web/CController.php:477
Stack trace:
#0 /Users/jax/SitesMAMP/yii-1.1.8.r3324/framework/web/CController.php(262): CController->missingAction('avc_settings.ph...')
#1 /Users/jax/SitesMAMP/yii-1.1.8.r3324/framework/web/CWebApplication.php(277): CController->run('avc_settings.ph...')
#2 /Users/jax/SitesMAMP/yii-1.1.8.r3324/framework/web/CWebApplication.php(136): CWebApplication->runController('video/avc_setti...')
#3 /Users/jax/SitesMAMP/yii-1.1.8.r3324/framework/base/CApplication.php(158): CWebApplication->processRequest()
#4 /Users/jax/SitesMAMP/dvtv/index.php(13): CApplication->run()
#5 {main} REQUEST_URI=/dvtv/video/avc_settings.php?r=0.9079719730652869&recorderId=
2012/05/13 00:41:30 [error] [exception.CHttpException.404] exception 'CHttpException' with message 'Unable to resolve the request "0.9079719730652869".' in /Users/jax/SitesMAMP/yii-1.1.8.r3324/framework/web/CWebApplication.php:281
Stack trace:
#0 /Users/jax/SitesMAMP/yii-1.1.8.r3324/framework/web/CWebApplication.php(136): CWebApplication->runController('0.9079719730652...')
#1 /Users/jax/SitesMAMP/yii-1.1.8.r3324/framework/base/CApplication.php(158): CWebApplication->processRequest()
#2 /Users/jax/SitesMAMP/dvtv/index.php(13): CApplication->run()
#3 {main} REQUEST_URI=/dvtv/video/avc_settings.php?r=0.9079719730652869&recorderId=
2012/05/13 00:41:37 [error] [exception.CHttpException.404] exception 'CHttpException' with message 'The system is unable to find the requested action "avc_settings.php".' in /Users/jax/SitesMAMP/yii-1.1.8.r3324/framework/web/CController.php:477
Stack trace:
#0 /Users/jax/SitesMAMP/yii-1.1.8.r3324/framework/web/CController.php(262): CController->missingAction('avc_settings.ph...')
#1 /Users/jax/SitesMAMP/yii-1.1.8.r3324/framework/web/CWebApplication.php(277): CController->run('avc_settings.ph...')
#2 /Users/jax/SitesMAMP/yii-1.1.8.r3324/framework/web/CWebApplication.php(136): CWebApplication->runController('video/avc_setti...')
#3 /Users/jax/SitesMAMP/yii-1.1.8.r3324/framework/base/CApplication.php(158): CWebApplication->processRequest()
#4 /Users/jax/SitesMAMP/dvtv/index.php(13): CApplication->run()
#5 {main} REQUEST_URI=/dvtv/video/avc_settings.php?r=0.9079719730652869&recorderId=
2012/05/13 00:41:53 [error] [exception.CHttpException.404] exception 'CHttpException' with message 'The system is unable to find the requested action "avc_settings.php".' in /Users/jax/SitesMAMP/yii-1.1.8.r3324/framework/web/CController.php:477
Stack trace:
#0 /Users/jax/SitesMAMP/yii-1.1.8.r3324/framework/web/CController.php(262): CController->missingAction('avc_settings.ph...')
#1 /Users/jax/SitesMAMP/yii-1.1.8.r3324/framework/web/CWebApplication.php(277): CController->run('avc_settings.ph...')
#2 /Users/jax/SitesMAMP/yii-1.1.8.r3324/framework/web/CWebApplication.php(136): CWebApplication->runController('video/avc_setti...')
#3 /Users/jax/SitesMAMP/yii-1.1.8.r3324/framework/base/CApplication.php(158): CWebApplication->processRequest()
#4 /Users/jax/SitesMAMP/dvtv/index.php(13): CApplication->run()
#5 {main} REQUEST_URI=/dvtv/video/avc_settings.php?r=0.9079719730652869&recorderId=
2012/05/13 00:41:54 [error] [exception.CHttpException.404] exception 'CHttpException' with message 'The system is unable to find the requested action "avc_settings.php".' in /Users/jax/SitesMAMP/yii-1.1.8.r3324/framework/web/CController.php:477
Stack trace:
#0 /Users/jax/SitesMAMP/yii-1.1.8.r3324/framework/web/CController.php(262): CController->missingAction('avc_settings.ph...')
#1 /Users/jax/SitesMAMP/yii-1.1.8.r3324/framework/web/CWebApplication.php(277): CController->run('avc_settings.ph...')
#2 /Users/jax/SitesMAMP/yii-1.1.8.r3324/framework/web/CWebApplication.php(136): CWebApplication->runController('video/avc_setti...')
#3 /Users/jax/SitesMAMP/yii-1.1.8.r3324/framework/base/CApplication.php(158): CWebApplication->processRequest()
#4 /Users/jax/SitesMAMP/dvtv/index.php(13): CApplication->run()
#5 {main} REQUEST_URI=/dvtv/video/avc_settings.php?r=0.9079719730652869&recorderId=
2012/05/13 00:41:56 [error] [exception.CHttpException.404] exception 'CHttpException' with message 'The system is unable to find the requested action "avc_settings.php".' in /Users/jax/SitesMAMP/yii-1.1.8.r3324/framework/web/CController.php:477
Stack trace:
#0 /Users/jax/SitesMAMP/yii-1.1.8.r3324/framework/web/CController.php(262): CController->missingAction('avc_settings.ph...')
#1 /Users/jax/SitesMAMP/yii-1.1.8.r3324/framework/web/CWebApplication.php(277): CController->run('avc_settings.ph...')
#2 /Users/jax/SitesMAMP/yii-1.1.8.r3324/framework/web/CWebApplication.php(136): CWebApplication->runController('video/avc_setti...')
#3 /Users/jax/SitesMAMP/yii-1.1.8.r3324/framework/base/CApplication.php(158): CWebApplication->processRequest()
#4 /Users/jax/SitesMAMP/dvtv/index.php(13): CApplication->run()
#5 {main} REQUEST_URI=/dvtv/video/avc_settings.php?r=0.9079719730652869&recorderId=
2012/05/13 00:41:59 [error] [exception.CHttpException.404] exception 'CHttpException' with message 'The system is unable to find the requested action "avc_settings.php".' in /Users/jax/SitesMAMP/yii-1.1.8.r3324/framework/web/CController.php:477
Stack trace:
#0 /Users/jax/SitesMAMP/yii-1.1.8.r3324/framework/web/CController.php(262): CController->missingAction('avc_settings.ph...')
#1 /Users/jax/SitesMAMP/yii-1.1.8.r3324/framework/web/CWebApplication.php(277): CController->run('avc_settings.ph...')
#2 /Users/jax/SitesMAMP/yii-1.1.8.r3324/framework/web/CWebApplication.php(136): CWebApplication->runController('video/avc_setti...')
#3 /Users/jax/SitesMAMP/yii-1.1.8.r3324/framework/base/CApplication.php(158): CWebApplication->processRequest()
#4 /Users/jax/SitesMAMP/dvtv/index.php(13): CApplication->run()
#5 {main} REQUEST_URI=/dvtv/video/avc_settings.php?r=0.9079719730652869&recorderId=
2012/05/13 00:42:31 [error] [exception.CHttpException.404] exception 'CHttpException' with message 'Unable to resolve the request "0.9079719730652869".' in /Users/jax/SitesMAMP/yii-1.1.8.r3324/framework/web/CWebApplication.php:281
Stack trace:
#0 /Users/jax/SitesMAMP/yii-1.1.8.r3324/framework/web/CWebApplication.php(136): CWebApplication->runController('0.9079719730652...')
#1 /Users/jax/SitesMAMP/yii-1.1.8.r3324/framework/base/CApplication.php(158): CWebApplication->processRequest()
#2 /Users/jax/SitesMAMP/dvtv/index.php(13): CApplication->run()
#3 {main} REQUEST_URI=/dvtv/video/avc_settings.php?r=0.9079719730652869&recorderId=
2012/05/13 00:42:32 [error] [exception.CHttpException.404] exception 'CHttpException' with message 'Unable to resolve the request "0.9079719730652869".' in /Users/jax/SitesMAMP/yii-1.1.8.r3324/framework/web/CWebApplication.php:281
Stack trace:
#0 /Users/jax/SitesMAMP/yii-1.1.8.r3324/framework/web/CWebApplication.php(136): CWebApplication->runController('0.9079719730652...')
#1 /Users/jax/SitesMAMP/yii-1.1.8.r3324/framework/base/CApplication.php(158): CWebApplication->processRequest()
#2 /Users/jax/SitesMAMP/dvtv/index.php(13): CApplication->run()
#3 {main} REQUEST_URI=/dvtv/video/avc_settings.php?r=0.9079719730652869&recorderId=
2012/05/13 00:43:00 [error] [exception.CHttpException.404] exception 'CHttpException' with message 'Unable to resolve the request "0.9079719730652869".' in /Users/jax/SitesMAMP/yii-1.1.8.r3324/framework/web/CWebApplication.php:281
Stack trace:
#0 /Users/jax/SitesMAMP/yii-1.1.8.r3324/framework/web/CWebApplication.php(136): CWebApplication->runController('0.9079719730652...')
#1 /Users/jax/SitesMAMP/yii-1.1.8.r3324/framework/base/CApplication.php(158): CWebApplication->processRequest()
#2 /Users/jax/SitesMAMP/dvtv/index.php(13): CApplication->run()
#3 {main} REQUEST_URI=/dvtv/video/avc_settings.php?r=0.9079719730652869&recorderId=
2012/05/13 00:43:08 [error] [exception.CHttpException.404] exception 'CHttpException' with message 'Unable to resolve the request "0.9079719730652869".' in /Users/jax/SitesMAMP/yii-1.1.8.r3324/framework/web/CWebApplication.php:281
Stack trace:
#0 /Users/jax/SitesMAMP/yii-1.1.8.r3324/framework/web/CWebApplication.php(136): CWebApplication->runController('0.9079719730652...')
#1 /Users/jax/SitesMAMP/yii-1.1.8.r3324/framework/base/CApplication.php(158): CWebApplication->processRequest()
#2 /Users/jax/SitesMAMP/dvtv/index.php(13): CApplication->run()
#3 {main} REQUEST_URI=/dvtv/video/avc_settings.php?r=0.9079719730652869&recorderId=
2012/05/13 00:46:38 [error] [exception.CHttpException.404] exception 'CHttpException' with message 'Unable to resolve the request "0.9079719730652869".' in /Users/jax/SitesMAMP/yii-1.1.8.r3324/framework/web/CWebApplication.php:281
Stack trace:
#0 /Users/jax/SitesMAMP/yii-1.1.8.r3324/framework/web/CWebApplication.php(136): CWebApplication->runController('0.9079719730652...')
#1 /Users/jax/SitesMAMP/yii-1.1.8.r3324/framework/base/CApplication.php(158): CWebApplication->processRequest()
#2 /Users/jax/SitesMAMP/dvtv/index.php(13): CApplication->run()
#3 {main} REQUEST_URI=/dvtv/video/avc_settings.php?r=0.9079719730652869&recorderId=
2012/05/13 00:46:39 [error] [exception.CHttpException.404] exception 'CHttpException' with message 'Unable to resolve the request "0.9079719730652869".' in /Users/jax/SitesMAMP/yii-1.1.8.r3324/framework/web/CWebApplication.php:281
Stack trace:
#0 /Users/jax/SitesMAMP/yii-1.1.8.r3324/framework/web/CWebApplication.php(136): CWebApplication->runController('0.9079719730652...')
#1 /Users/jax/SitesMAMP/yii-1.1.8.r3324/framework/base/CApplication.php(158): CWebApplication->processRequest()
#2 /Users/jax/SitesMAMP/dvtv/index.php(13): CApplication->run()
#3 {main} REQUEST_URI=/dvtv/video/avc_settings.php?r=0.9079719730652869&recorderId=
2012/05/13 00:46:44 [error] [exception.CHttpException.404] exception 'CHttpException' with message 'Unable to resolve the request "0.9079719730652869".' in /Users/jax/SitesMAMP/yii-1.1.8.r3324/framework/web/CWebApplication.php:281
Stack trace:
#0 /Users/jax/SitesMAMP/yii-1.1.8.r3324/framework/web/CWebApplication.php(136): CWebApplication->runController('0.9079719730652...')
#1 /Users/jax/SitesMAMP/yii-1.1.8.r3324/framework/base/CApplication.php(158): CWebApplication->processRequest()
#2 /Users/jax/SitesMAMP/dvtv/index.php(13): CApplication->run()
#3 {main} REQUEST_URI=/dvtv/video/avc_settings.php?r=0.9079719730652869&recorderId=
2012/05/13 00:46:45 [error] [exception.CHttpException.404] exception 'CHttpException' with message 'Unable to resolve the request "0.9079719730652869".' in /Users/jax/SitesMAMP/yii-1.1.8.r3324/framework/web/CWebApplication.php:281
Stack trace:
#0 /Users/jax/SitesMAMP/yii-1.1.8.r3324/framework/web/CWebApplication.php(136): CWebApplication->runController('0.9079719730652...')
#1 /Users/jax/SitesMAMP/yii-1.1.8.r3324/framework/base/CApplication.php(158): CWebApplication->processRequest()
#2 /Users/jax/SitesMAMP/dvtv/index.php(13): CApplication->run()
#3 {main} REQUEST_URI=/dvtv/video/avc_settings.php?r=0.9079719730652869&recorderId=
2012/05/13 00:46:50 [error] [exception.CHttpException.404] exception 'CHttpException' with message 'Unable to resolve the request "0.9079719730652869".' in /Users/jax/SitesMAMP/yii-1.1.8.r3324/framework/web/CWebApplication.php:281
Stack trace:
#0 /Users/jax/SitesMAMP/yii-1.1.8.r3324/framework/web/CWebApplication.php(136): CWebApplication->runController('0.9079719730652...')
#1 /Users/jax/SitesMAMP/yii-1.1.8.r3324/framework/base/CApplication.php(158): CWebApplication->processRequest()
#2 /Users/jax/SitesMAMP/dvtv/index.php(13): CApplication->run()
#3 {main} REQUEST_URI=/dvtv/video/avc_settings.php?r=0.9079719730652869&recorderId=
2012/05/13 00:46:51 [error] [exception.CHttpException.404] exception 'CHttpException' with message 'Unable to resolve the request "0.9079719730652869".' in /Users/jax/SitesMAMP/yii-1.1.8.r3324/framework/web/CWebApplication.php:281
Stack trace:
#0 /Users/jax/SitesMAMP/yii-1.1.8.r3324/framework/web/CWebApplication.php(136): CWebApplication->runController('0.9079719730652...')
#1 /Users/jax/SitesMAMP/yii-1.1.8.r3324/framework/base/CApplication.php(158): CWebApplication->processRequest()
#2 /Users/jax/SitesMAMP/dvtv/index.php(13): CApplication->run()
#3 {main} REQUEST_URI=/dvtv/video/avc_settings.php?r=0.9079719730652869&recorderId=
2012/05/13 00:46:55 [error] [exception.CHttpException.404] exception 'CHttpException' with message 'Unable to resolve the request "0.9079719730652869".' in /Users/jax/SitesMAMP/yii-1.1.8.r3324/framework/web/CWebApplication.php:281
Stack trace:
#0 /Users/jax/SitesMAMP/yii-1.1.8.r3324/framework/web/CWebApplication.php(136): CWebApplication->runController('0.9079719730652...')
#1 /Users/jax/SitesMAMP/yii-1.1.8.r3324/framework/base/CApplication.php(158): CWebApplication->processRequest()
#2 /Users/jax/SitesMAMP/dvtv/index.php(13): CApplication->run()
#3 {main} REQUEST_URI=/dvtv/video/avc_settings.php?r=0.9079719730652869&recorderId=
2012/05/13 00:46:56 [error] [exception.CHttpException.404] exception 'CHttpException' with message 'Unable to resolve the request "0.9079719730652869".' in /Users/jax/SitesMAMP/yii-1.1.8.r3324/framework/web/CWebApplication.php:281
Stack trace:
#0 /Users/jax/SitesMAMP/yii-1.1.8.r3324/framework/web/CWebApplication.php(136): CWebApplication->runController('0.9079719730652...')
#1 /Users/jax/SitesMAMP/yii-1.1.8.r3324/framework/base/CApplication.php(158): CWebApplication->processRequest()
#2 /Users/jax/SitesMAMP/dvtv/index.php(13): CApplication->run()
#3 {main} REQUEST_URI=/dvtv/video/avc_settings.php?r=0.9079719730652869&recorderId=
2012/05/13 00:47:05 [error] [exception.CHttpException.404] exception 'CHttpException' with message 'Unable to resolve the request "0.9079719730652869".' in /Users/jax/SitesMAMP/yii-1.1.8.r3324/framework/web/CWebApplication.php:281
Stack trace:
#0 /Users/jax/SitesMAMP/yii-1.1.8.r3324/framework/web/CWebApplication.php(136): CWebApplication->runController('0.9079719730652...')
#1 /Users/jax/SitesMAMP/yii-1.1.8.r3324/framework/base/CApplication.php(158): CWebApplication->processRequest()
#2 /Users/jax/SitesMAMP/dvtv/index.php(13): CApplication->run()
#3 {main} REQUEST_URI=/dvtv/video/avc_settings.php?r=0.9079719730652869&recorderId=
2012/05/13 00:47:09 [error] [exception.CHttpException.404] exception 'CHttpException' with message 'The system is unable to find the requested action "site".' in /Users/jax/SitesMAMP/yii-1.1.8.r3324/framework/web/CController.php:477
Stack trace:
#0 /Users/jax/SitesMAMP/yii-1.1.8.r3324/framework/web/CController.php(262): CController->missingAction('site')
#1 /Users/jax/SitesMAMP/yii-1.1.8.r3324/framework/web/CWebApplication.php(277): CController->run('site')
#2 /Users/jax/SitesMAMP/yii-1.1.8.r3324/framework/web/CWebApplication.php(136): CWebApplication->runController('video/site/logi...')
#3 /Users/jax/SitesMAMP/yii-1.1.8.r3324/framework/base/CApplication.php(158): CWebApplication->processRequest()
#4 /Users/jax/SitesMAMP/dvtv/index.php(13): CApplication->run()
#5 {main} REQUEST_URI=/dvtv/video/site/login
2012/05/13 00:47:11 [error] [exception.CHttpException.404] exception 'CHttpException' with message 'Unable to resolve the request "0.9079719730652869".' in /Users/jax/SitesMAMP/yii-1.1.8.r3324/framework/web/CWebApplication.php:281
Stack trace:
#0 /Users/jax/SitesMAMP/yii-1.1.8.r3324/framework/web/CWebApplication.php(136): CWebApplication->runController('0.9079719730652...')
#1 /Users/jax/SitesMAMP/yii-1.1.8.r3324/framework/base/CApplication.php(158): CWebApplication->processRequest()
#2 /Users/jax/SitesMAMP/dvtv/index.php(13): CApplication->run()
#3 {main} REQUEST_URI=/dvtv/video/avc_settings.php?r=0.9079719730652869&recorderId=
2012/05/13 00:47:16 [error] [exception.CHttpException.404] exception 'CHttpException' with message 'Unable to resolve the request "0.9079719730652869".' in /Users/jax/SitesMAMP/yii-1.1.8.r3324/framework/web/CWebApplication.php:281
Stack trace:
#0 /Users/jax/SitesMAMP/yii-1.1.8.r3324/framework/web/CWebApplication.php(136): CWebApplication->runController('0.9079719730652...')
#1 /Users/jax/SitesMAMP/yii-1.1.8.r3324/framework/base/CApplication.php(158): CWebApplication->processRequest()
#2 /Users/jax/SitesMAMP/dvtv/index.php(13): CApplication->run()
#3 {main} REQUEST_URI=/dvtv/video/avc_settings.php?r=0.9079719730652869&recorderId=
2012/05/13 00:47:22 [error] [exception.CHttpException.404] exception 'CHttpException' with message 'Unable to resolve the request "0.9079719730652869".' in /Users/jax/SitesMAMP/yii-1.1.8.r3324/framework/web/CWebApplication.php:281
Stack trace:
#0 /Users/jax/SitesMAMP/yii-1.1.8.r3324/framework/web/CWebApplication.php(136): CWebApplication->runController('0.9079719730652...')
#1 /Users/jax/SitesMAMP/yii-1.1.8.r3324/framework/base/CApplication.php(158): CWebApplication->processRequest()
#2 /Users/jax/SitesMAMP/dvtv/index.php(13): CApplication->run()
#3 {main} REQUEST_URI=/dvtv/video/avc_settings.php?r=0.9079719730652869&recorderId=
2012/05/13 00:50:07 [error] [exception.CHttpException.404] exception 'CHttpException' with message 'Unable to resolve the request "0.9079719730652869".' in /Users/jax/SitesMAMP/yii-1.1.8.r3324/framework/web/CWebApplication.php:281
Stack trace:
#0 /Users/jax/SitesMAMP/yii-1.1.8.r3324/framework/web/CWebApplication.php(136): CWebApplication->runController('0.9079719730652...')
#1 /Users/jax/SitesMAMP/yii-1.1.8.r3324/framework/base/CApplication.php(158): CWebApplication->processRequest()
#2 /Users/jax/SitesMAMP/dvtv/index.php(13): CApplication->run()
#3 {main} REQUEST_URI=/dvtv/video/avc_settings.php?r=0.9079719730652869&recorderId=
2012/05/13 00:54:16 [error] [exception.CHttpException.404] exception 'CHttpException' with message 'The system is unable to find the requested action "translations".' in /Users/jax/SitesMAMP/yii-1.1.8.r3324/framework/web/CController.php:477
Stack trace:
#0 /Users/jax/SitesMAMP/yii-1.1.8.r3324/framework/web/CController.php(262): CController->missingAction('translations')
#1 /Users/jax/SitesMAMP/yii-1.1.8.r3324/framework/web/CWebApplication.php(277): CController->run('translations')
#2 /Users/jax/SitesMAMP/yii-1.1.8.r3324/framework/web/CWebApplication.php(136): CWebApplication->runController('video/translati...')
#3 /Users/jax/SitesMAMP/yii-1.1.8.r3324/framework/base/CApplication.php(158): CWebApplication->processRequest()
#4 /Users/jax/SitesMAMP/dvtv/index.php(13): CApplication->run()
#5 {main} REQUEST_URI=/dvtv/video/translations/en.xml?rand=0.428421996999532
2012/05/13 01:03:05 [error] [exception.CHttpException.404] exception 'CHttpException' with message 'The system is unable to find the requested action "fullStar.png".' in /Users/jax/SitesMAMP/yii-1.1.8.r3324/framework/web/CController.php:477
Stack trace:
#0 /Users/jax/SitesMAMP/yii-1.1.8.r3324/framework/web/CController.php(262): CController->missingAction('fullStar.png')
#1 /Users/jax/SitesMAMP/yii-1.1.8.r3324/framework/web/CWebApplication.php(277): CController->run('fullStar.png')
#2 /Users/jax/SitesMAMP/yii-1.1.8.r3324/framework/web/CWebApplication.php(136): CWebApplication->runController('video/fullStar....')
#3 /Users/jax/SitesMAMP/yii-1.1.8.r3324/framework/base/CApplication.php(158): CWebApplication->processRequest()
#4 /Users/jax/SitesMAMP/dvtv/index.php(13): CApplication->run()
#5 {main} REQUEST_URI=/dvtv/video/fullStar.png
2012/05/13 01:03:34 [error] [exception.CHttpException.404] exception 'CHttpException' with message 'The system is unable to find the requested action "fullStar.png".' in /Users/jax/SitesMAMP/yii-1.1.8.r3324/framework/web/CController.php:477
Stack trace:
#0 /Users/jax/SitesMAMP/yii-1.1.8.r3324/framework/web/CController.php(262): CController->missingAction('fullStar.png')
#1 /Users/jax/SitesMAMP/yii-1.1.8.r3324/framework/web/CWebApplication.php(277): CController->run('fullStar.png')
#2 /Users/jax/SitesMAMP/yii-1.1.8.r3324/framework/web/CWebApplication.php(136): CWebApplication->runController('video/fullStar....')
#3 /Users/jax/SitesMAMP/yii-1.1.8.r3324/framework/base/CApplication.php(158): CWebApplication->processRequest()
#4 /Users/jax/SitesMAMP/dvtv/index.php(13): CApplication->run()
#5 {main} REQUEST_URI=/dvtv/video/fullStar.png
2012/05/13 01:03:40 [error] [exception.CHttpException.404] exception 'CHttpException' with message 'The system is unable to find the requested action "fullStar.png".' in /Users/jax/SitesMAMP/yii-1.1.8.r3324/framework/web/CController.php:477
Stack trace:
#0 /Users/jax/SitesMAMP/yii-1.1.8.r3324/framework/web/CController.php(262): CController->missingAction('fullStar.png')
#1 /Users/jax/SitesMAMP/yii-1.1.8.r3324/framework/web/CWebApplication.php(277): CController->run('fullStar.png')
#2 /Users/jax/SitesMAMP/yii-1.1.8.r3324/framework/web/CWebApplication.php(136): CWebApplication->runController('video/fullStar....')
#3 /Users/jax/SitesMAMP/yii-1.1.8.r3324/framework/base/CApplication.php(158): CWebApplication->processRequest()
#4 /Users/jax/SitesMAMP/dvtv/index.php(13): CApplication->run()
#5 {main} REQUEST_URI=/dvtv/video/fullStar.png
2012/05/13 01:03:45 [error] [exception.CHttpException.404] exception 'CHttpException' with message 'The system is unable to find the requested action "fullStar.png".' in /Users/jax/SitesMAMP/yii-1.1.8.r3324/framework/web/CController.php:477
Stack trace:
#0 /Users/jax/SitesMAMP/yii-1.1.8.r3324/framework/web/CController.php(262): CController->missingAction('fullStar.png')
#1 /Users/jax/SitesMAMP/yii-1.1.8.r3324/framework/web/CWebApplication.php(277): CController->run('fullStar.png')
#2 /Users/jax/SitesMAMP/yii-1.1.8.r3324/framework/web/CWebApplication.php(136): CWebApplication->runController('video/fullStar....')
#3 /Users/jax/SitesMAMP/yii-1.1.8.r3324/framework/base/CApplication.php(158): CWebApplication->processRequest()
#4 /Users/jax/SitesMAMP/dvtv/index.php(13): CApplication->run()
#5 {main} REQUEST_URI=/dvtv/video/fullStar.png
